Nov 13, 2014 7:31:22 AM ClientRequestSender run
INFO: Request sent to Server 1
Nov 13, 2014 7:31:22 AM ClientRequestSender run
INFO: Account no: A.1 Type:Deposit Amount:1000
Nov 13, 2014 7:31:23 AM ClientReplyReceiver run
INFO: REPLY FROM TAIL:
Nov 13, 2014 7:31:23 AM ClientReplyReceiver run
INFO: Request id: A.1.0 Status:PROCESSED Balance:2000
Nov 13, 2014 7:31:30 AM ClientRequestSender run
INFO: Request sent to Server 1
Nov 13, 2014 7:31:30 AM ClientRequestSender run
INFO: Account no: A.1 Type:Deposit Amount:2000
Nov 13, 2014 7:31:33 AM ClientReplyReceiver run
INFO: REPLY FROM TAIL:
Nov 13, 2014 7:31:33 AM ClientReplyReceiver run
INFO: Request id: A.1.1 Status:PROCESSED Balance:4000
Nov 13, 2014 7:31:38 AM ClientRequestSender run
INFO: Request sent to Server 1
Nov 13, 2014 7:31:38 AM ClientRequestSender run
INFO: Account no: A.1 Type:Deposit Amount:3000
Nov 13, 2014 7:31:45 AM ClientReplyReceiver run
INFO: REPLY FROM TAIL:
Nov 13, 2014 7:31:45 AM ClientReplyReceiver run
INFO: Request id: A.1.2 Status:PROCESSED Balance:7000
Nov 13, 2014 7:31:46 AM ClientRequestSender run
INFO: Request sent to Server 1
Nov 13, 2014 7:31:46 AM ClientRequestSender run
INFO: Account no: A.1 Type:Deposit Amount:4000
Nov 13, 2014 7:31:50 AM ClientReplyReceiver run
INFO: REPLY FROM TAIL:
Nov 13, 2014 7:31:50 AM ClientReplyReceiver run
INFO: Request id: A.1.3 Status:PROCESSED Balance:11000
