Nov 13, 2014 7:31:26 AM Pinger run
INFO: Running thread Extender pinger
Nov 13, 2014 7:31:26 AM ReceiveMasterNotifications run
INFO: Running Extender receive notifications thread for receiving master notifications.
Nov 13, 2014 7:31:26 AM Pinger run
INFO: Socket Extablished...
Nov 13, 2014 7:31:26 AM ReceiveMasterNotifications run
INFO:  RECEIVED :Extend 4
Nov 13, 2014 7:31:26 AM ReceiveMasterNotifications run
INFO: Extension complete.
Nov 13, 2014 7:31:33 AM ServerCommunicationReceive run
INFO: Receiving request from : A.1.1
Nov 13, 2014 7:31:33 AM ServerCommunicationSend serial_sender
INFO: Reply sent to client.
Nov 13, 2014 7:31:33 AM ServerCommunicationSend serial_sender
INFO: 
 A.1.1 Status:PROCESSED Balance:4000
Nov 13, 2014 7:31:45 AM ServerCommunicationReceive run
INFO: Receiving request from : A.1.2
Nov 13, 2014 7:31:45 AM ServerCommunicationSend serial_sender
INFO: Reply sent to client.
Nov 13, 2014 7:31:45 AM ServerCommunicationSend serial_sender
INFO: 
 A.1.2 Status:PROCESSED Balance:7000
Nov 13, 2014 7:31:50 AM ServerCommunicationReceive run
INFO: Receiving request from : A.1.3
Nov 13, 2014 7:31:50 AM ServerCommunicationSend serial_sender
INFO: Reply sent to client.
Nov 13, 2014 7:31:50 AM ServerCommunicationSend serial_sender
INFO: 
 A.1.3 Status:PROCESSED Balance:11000
