Nov 13, 2014 7:27:04 AM ClientRequestSender run
INFO: Request sent to Server 1
Nov 13, 2014 7:27:04 AM ClientRequestSender run
INFO: Account no: A.1 Type:Deposit Amount:1000
Nov 13, 2014 7:27:05 AM ClientReplyReceiver run
INFO: REPLY FROM TAIL:
Nov 13, 2014 7:27:05 AM ClientReplyReceiver run
INFO: Request id: A.1.0 Status:PROCESSED Balance:2000
Nov 13, 2014 7:27:12 AM ClientRequestSender run
INFO: Request sent to Server 1
Nov 13, 2014 7:27:12 AM ClientRequestSender run
INFO: Account no: A.1 Type:Deposit Amount:2000
Nov 13, 2014 7:27:18 AM ClientReplyReceiver run
INFO: REPLY FROM TAIL:
Nov 13, 2014 7:27:18 AM ClientReplyReceiver run
INFO: Request id: A.1.1 Status:PROCESSED Balance:4000
Nov 13, 2014 7:27:20 AM ClientRequestSender run
INFO: Request sent to Server 1
Nov 13, 2014 7:27:20 AM ClientRequestSender run
INFO: Account no: A.1 Type:Deposit Amount:3000
Nov 13, 2014 7:27:23 AM ClientReplyReceiver run
INFO: REPLY FROM TAIL:
Nov 13, 2014 7:27:23 AM ClientReplyReceiver run
INFO: Request id: A.1.2 Status:PROCESSED Balance:7000
Nov 13, 2014 7:27:28 AM ClientRequestSender run
INFO: Request sent to Server 1
Nov 13, 2014 7:27:28 AM ClientRequestSender run
INFO: Account no: A.1 Type:Deposit Amount:4000
Nov 13, 2014 7:27:30 AM ClientReplyReceiver run
INFO: REPLY FROM TAIL:
Nov 13, 2014 7:27:30 AM ClientReplyReceiver run
INFO: Request id: A.1.3 Status:PROCESSED Balance:11000
