Nov 13, 2014 7:29:14 AM ClientRequestSender run
INFO: Request sent to Server 1
Nov 13, 2014 7:29:14 AM ClientRequestSender run
INFO: Account no: A.1 Type:Deposit Amount:1000
Nov 13, 2014 7:29:15 AM ClientReplyReceiver run
INFO: REPLY FROM TAIL:
Nov 13, 2014 7:29:15 AM ClientReplyReceiver run
INFO: Request id: A.1.0 Status:PROCESSED Balance:2000
Nov 13, 2014 7:29:22 AM ClientRequestSender run
INFO: Request sent to Server 1
Nov 13, 2014 7:29:22 AM ClientRequestSender run
INFO: Account no: A.1 Type:Deposit Amount:2000
Nov 13, 2014 7:29:24 AM ListenToMasterNotification run
INFO: Received from master: Tail 2 is new tail.
Nov 13, 2014 7:29:30 AM ClientReplyReceiver run
INFO: REPLY FROM TAIL:
Nov 13, 2014 7:29:30 AM ClientReplyReceiver run
INFO: Request id: A.1.1 Status:PROCESSED Balance:4000
Nov 13, 2014 7:29:30 AM ClientRequestSender run
INFO: Request sent to Server 1
Nov 13, 2014 7:29:30 AM ClientRequestSender run
INFO: Account no: A.1 Type:Deposit Amount:3000
Nov 13, 2014 7:29:32 AM ClientReplyReceiver run
INFO: REPLY FROM TAIL:
Nov 13, 2014 7:29:32 AM ClientReplyReceiver run
INFO: Request id: A.1.0 Status:PROCESSED Balance:2000
Nov 13, 2014 7:29:35 AM ClientReplyReceiver run
INFO: REPLY FROM TAIL:
Nov 13, 2014 7:29:35 AM ClientReplyReceiver run
INFO: Request id: A.1.2 Status:PROCESSED Balance:7000
Nov 13, 2014 7:29:38 AM ClientRequestSender run
INFO: Request sent to Server 1
Nov 13, 2014 7:29:38 AM ClientRequestSender run
INFO: Account no: A.1 Type:Deposit Amount:4000
Nov 13, 2014 7:29:41 AM ClientReplyReceiver run
INFO: REPLY FROM TAIL:
Nov 13, 2014 7:29:41 AM ClientReplyReceiver run
INFO: Request id: A.1.3 Status:PROCESSED Balance:11000
