Nov 13, 2014 7:23:36 AM ClientRequestSender run
INFO: Request sent to Server 1
Nov 13, 2014 7:23:36 AM ClientRequestSender run
INFO: Account no: A.1 Type:Deposit Amount:1000
Nov 13, 2014 7:23:38 AM ClientReplyReceiver run
INFO: REPLY FROM TAIL:
Nov 13, 2014 7:23:38 AM ClientReplyReceiver run
INFO: Request id: A.1.0 Status:PROCESSED Balance:2000
Nov 13, 2014 7:23:44 AM ClientRequestSender run
INFO: Request sent to Server 1
Nov 13, 2014 7:23:44 AM ClientRequestSender run
INFO: Account no: A.1 Type:Deposit Amount:2000
Nov 13, 2014 7:23:45 AM ListenToMasterNotification run
INFO: Received from master: Head 2 is new head.
Nov 13, 2014 7:23:52 AM ClientRequestSender run
INFO: Request sent to Server 2
Nov 13, 2014 7:23:52 AM ClientRequestSender run
INFO: Account no: A.1 Type:Deposit Amount:2000
Nov 13, 2014 7:23:53 AM ClientReplyReceiver run
INFO: REPLY FROM TAIL:
Nov 13, 2014 7:23:53 AM ClientReplyReceiver run
INFO: Request id: A.1.1 Status:PROCESSED Balance:4000
Nov 13, 2014 7:24:00 AM ClientRequestSender run
INFO: Request sent to Server 2
Nov 13, 2014 7:24:00 AM ClientRequestSender run
INFO: Account no: A.1 Type:Deposit Amount:3000
Nov 13, 2014 7:24:03 AM ClientReplyReceiver run
INFO: REPLY FROM TAIL:
Nov 13, 2014 7:24:03 AM ClientReplyReceiver run
INFO: Request id: A.1.2 Status:PROCESSED Balance:7000
Nov 13, 2014 7:24:08 AM ClientRequestSender run
INFO: Request sent to Server 2
Nov 13, 2014 7:24:08 AM ClientRequestSender run
INFO: Account no: A.1 Type:Deposit Amount:4000
Nov 13, 2014 7:24:10 AM ClientReplyReceiver run
INFO: REPLY FROM TAIL:
Nov 13, 2014 7:24:10 AM ClientReplyReceiver run
INFO: Request id: A.1.3 Status:PROCESSED Balance:11000
