Nov 13, 2014 7:23:35 AM Pinger run
INFO: Running thread Tail pinger
Nov 13, 2014 7:23:35 AM Pinger run
INFO: Socket Extablished...
Nov 13, 2014 7:23:35 AM ReceiveMasterNotifications run
INFO: Running Tail receive notifications thread for receiving master notifications.
Nov 13, 2014 7:23:37 AM ServerCommunicationReceive run
INFO: Receiving request from : A.1.0
Nov 13, 2014 7:23:38 AM ServerCommunicationSend serial_sender
INFO: Reply sent to client.
Nov 13, 2014 7:23:38 AM ServerCommunicationSend serial_sender
INFO: 
 A.1.0 Status:PROCESSED Balance:2000
Nov 13, 2014 7:23:45 AM ReceiveMasterNotifications run
INFO: 
SERVER 1 FAILED.

Nov 13, 2014 7:23:52 AM ServerCommunicationReceive run
INFO: Receiving request from : A.1.1
Nov 13, 2014 7:23:53 AM ServerCommunicationSend serial_sender
INFO: Reply sent to client.
Nov 13, 2014 7:23:53 AM ServerCommunicationSend serial_sender
INFO: 
 A.1.1 Status:PROCESSED Balance:4000
Nov 13, 2014 7:24:02 AM ServerCommunicationReceive run
INFO: Receiving request from : A.1.2
Nov 13, 2014 7:24:03 AM ServerCommunicationSend serial_sender
INFO: Reply sent to client.
Nov 13, 2014 7:24:03 AM ServerCommunicationSend serial_sender
INFO: 
 A.1.2 Status:PROCESSED Balance:7000
Nov 13, 2014 7:24:09 AM ServerCommunicationReceive run
INFO: Receiving request from : A.1.3
Nov 13, 2014 7:24:10 AM ServerCommunicationSend serial_sender
INFO: Reply sent to client.
Nov 13, 2014 7:24:10 AM ServerCommunicationSend serial_sender
INFO: 
 A.1.3 Status:PROCESSED Balance:11000
