Nov 13, 2014 7:29:13 AM Pinger run
INFO: Running thread Middle pinger
Nov 13, 2014 7:29:13 AM ReceiveMasterNotifications run
INFO: Running Middle receive notifications thread for receiving master notifications.
Nov 13, 2014 7:29:13 AM Pinger run
INFO: Socket Extablished...
Nov 13, 2014 7:29:14 AM ServerCommunicationReceive run
INFO: Receiving request from : A.1.0
Nov 13, 2014 7:29:23 AM ServerCommunicationReceive run
INFO: Receiving request from : A.1.1
Nov 13, 2014 7:29:24 AM ReceiveMasterNotifications run
INFO: 
SERVER 3 FAILED.

Nov 13, 2014 7:29:30 AM ServerCommunicationSend serial_sender
INFO: Reply sent to client.
Nov 13, 2014 7:29:30 AM ServerCommunicationSend serial_sender
INFO: 
 A.1.1 Status:PROCESSED Balance:4000
Nov 13, 2014 7:29:32 AM ServerCommunicationSend serial_sender
INFO: Reply sent to client.
Nov 13, 2014 7:29:32 AM ServerCommunicationSend serial_sender
INFO: 
 A.1.0 Status:PROCESSED Balance:2000
Nov 13, 2014 7:29:33 AM ServerCommunicationReceive run
INFO: Receiving request from : A.1.2
Nov 13, 2014 7:29:35 AM ServerCommunicationSend serial_sender
INFO: Reply sent to client.
Nov 13, 2014 7:29:35 AM ServerCommunicationSend serial_sender
INFO: 
 A.1.2 Status:PROCESSED Balance:7000
Nov 13, 2014 7:29:40 AM ServerCommunicationReceive run
INFO: Receiving request from : A.1.3
Nov 13, 2014 7:29:41 AM ServerCommunicationSend serial_sender
INFO: Reply sent to client.
Nov 13, 2014 7:29:41 AM ServerCommunicationSend serial_sender
INFO: 
 A.1.3 Status:PROCESSED Balance:11000
