Nov 13, 2014 7:27:03 AM Pinger run
INFO: Running thread Tail pinger
Nov 13, 2014 7:27:03 AM ReceiveMasterNotifications run
INFO: Running Tail receive notifications thread for receiving master notifications.
Nov 13, 2014 7:27:03 AM Pinger run
INFO: Socket Extablished...
Nov 13, 2014 7:27:04 AM ServerCommunicationReceive run
INFO: Receiving request from : A.1.0
Nov 13, 2014 7:27:05 AM ServerCommunicationSend serial_sender
INFO: Reply sent to client.
Nov 13, 2014 7:27:05 AM ServerCommunicationSend serial_sender
INFO: 
 A.1.0 Status:PROCESSED Balance:2000
Nov 13, 2014 7:27:13 AM ReceiveMasterNotifications run
INFO: 
SERVER 2 FAILED.

Nov 13, 2014 7:27:18 AM ServerCommunicationReceive run
INFO: Receiving request from : A.1.1
Nov 13, 2014 7:27:18 AM ServerCommunicationSend serial_sender
INFO: Reply sent to client.
Nov 13, 2014 7:27:18 AM ServerCommunicationSend serial_sender
INFO: 
 A.1.1 Status:PROCESSED Balance:4000
Nov 13, 2014 7:27:23 AM ServerCommunicationReceive run
INFO: Receiving request from : A.1.2
Nov 13, 2014 7:27:23 AM ServerCommunicationSend serial_sender
INFO: Reply sent to client.
Nov 13, 2014 7:27:23 AM ServerCommunicationSend serial_sender
INFO: 
 A.1.2 Status:PROCESSED Balance:7000
Nov 13, 2014 7:27:30 AM ServerCommunicationReceive run
INFO: Receiving request from : A.1.3
Nov 13, 2014 7:27:30 AM ServerCommunicationSend serial_sender
INFO: Reply sent to client.
Nov 13, 2014 7:27:30 AM ServerCommunicationSend serial_sender
INFO: 
 A.1.3 Status:PROCESSED Balance:11000
